<?xml version="1.0" encoding="UTF-8"?>
<!-- Generated by org.testng.reporters.JUnitReportReporter -->
<testsuite hostname="LAPTOP-2AVP4BQP" failures="0" tests="2" name="multitestscenario.MultiTest" time="2.218" errors="0" timestamp="2023-08-23T17:04:22 IST" skipped="0">
  <testcase classname="multitestscenario.MultiTest" name="SelectDropDown" time="0.451"/>
  <testcase classname="multitestscenario.MultiTest" name="AdvanceDropDown" time="1.767"/>
</testsuite> <!-- multitestscenario.MultiTest -->
