<?xml version="1.0" encoding="UTF-8"?>
<!-- Generated by org.testng.reporters.JUnitReportReporter -->
<testsuite hostname="LAPTOP-2AVP4BQP" failures="0" tests="1" name="multitestscenario.DragDrop" time="10.139" errors="0" timestamp="2023-08-23T16:18:53 IST" skipped="0">
  <testcase classname="multitestscenario.DragDrop" name="DragDrops" time="10.139"/>
</testsuite> <!-- multitestscenario.DragDrop -->
